# JRE version: OpenJDK Runtime Environment GraalVM CE 22.3.0 (17.0.5+8) (build 17.0.5+8-jvmci-22.3-b08)
# Java VM: OpenJDK 64-Bit Server VM GraalVM CE 22.3.0 (17.0.5+8-jvmci-22.3-b08, mixed mode, sharing, tiered, jvmci, jvmci compiler, compressed oops, compressed class ptrs, parallel gc, linux-amd64)
GC Precious Log:
 CPUs: 8 total, 1 available
 Memory: 1024M
 Large Page Support: Disabled
 NUMA Support: Disabled
 Compressed Oops: Enabled (32-bit)
 Alignments: Space 512K, Generation 512K, Heap 2M
 Heap Min Capacity: 100M
 Heap Initial Capacity: 100M
 Heap Max Capacity: 512M
 Pre-touch: Disabled
 Parallel Workers: 1
Heap:
 PSYoungGen      total 20480K, used 12800K [0x00000000f5580000, 0x00000000f8200000, 0x0000000100000000)
  eden space 12800K, 100% used [0x00000000f5580000,0x00000000f6200000,0x00000000f6200000)
  from space 7680K, 0% used [0x00000000f7180000,0x00000000f7180000,0x00000000f7900000)
  to   space 15872K, 0% used [0x00000000f6200000,0x00000000f6200000,0x00000000f7180000)
 ParOldGen       total 349696K, used 349695K [0x00000000e0000000, 0x00000000f5580000, 0x00000000f5580000)
  object space 349696K, 99% used [0x00000000e0000000,0x00000000f557ffd8,0x00000000f5580000)
 Metaspace       used 58285K, committed 59392K, reserved 1105920K
  class space    used 5513K, committed 5952K, reserved 1048576K
GC Heap History (20 events):
Event: 1115.129 GC heap before
{Heap before GC invocations=1202 (full 1110):
 PSYoungGen      total 20480K, used 12800K [0x00000000f5580000, 0x00000000f8200000, 0x0000000100000000)
  eden space 12800K, 100% used [0x00000000f5580000,0x00000000f6200000,0x00000000f6200000)
  from space 7680K, 0% used [0x00000000f7180000,0x00000000f7180000,0x00000000f7900000)
  to   space 15872K, 0% used [0x00000000f6200000,0x00000000f6200000,0x00000000f7180000)
 ParOldGen       total 349696K, used 349695K [0x00000000e0000000, 0x00000000f5580000, 0x00000000f5580000)
  object space 349696K, 99% used [0x00000000e0000000,0x00000000f557fdc0,0x00000000f5580000)
 Metaspace       used 58284K, committed 59392K, reserved 1105920K
  class space    used 5513K, committed 5952K, reserved 1048576K
}
Event: 1115.942 GC heap after
{Heap after GC invocations=1202 (full 1110):
 PSYoungGen      total 28672K, used 12799K [0x00000000f5580000, 0x00000000f8200000, 0x0000000100000000)
  eden space 12800K, 99% used [0x00000000f5580000,0x00000000f61fffd0,0x00000000f6200000)
  from space 15872K, 0% used [0x00000000f6200000,0x00000000f6200000,0x00000000f7180000)
  to   space 7680K, 0% used [0x00000000f7180000,0x00000000f7180000,0x00000000f7900000)
 ParOldGen       total 349696K, used 349695K [0x00000000e0000000, 0x00000000f5580000, 0x00000000f5580000)
  object space 349696K, 99% used [0x00000000e0000000,0x00000000f557fdc0,0x00000000f5580000)
 Metaspace       used 58284K, committed 59392K, reserved 1105920K
  class space    used 5513K, committed 5952K, reserved 1048576K
}
Event: 1115.943 GC heap before
{Heap before GC invocations=1203 (full 1111):
 PSYoungGen      total 28672K, used 12800K [0x00000000f5580000, 0x00000000f8200000, 0x0000000100000000)
  eden space 12800K, 100% used [0x00000000f5580000,0x00000000f6200000,0x00000000f6200000)
  from space 15872K, 0% used [0x00000000f6200000,0x00000000f6200000,0x00000000f7180000)
  to   space 7680K, 0% used [0x00000000f7180000,0x00000000f7180000,0x00000000f7900000)
 ParOldGen       total 349696K, used 349695K [0x00000000e0000000, 0x00000000f5580000, 0x00000000f5580000)
  object space 349696K, 99% used [0x00000000e0000000,0x00000000f557fdc0,0x00000000f5580000)
 Metaspace       used 58284K, committed 59392K, reserved 1105920K
  class space    used 5513K, committed 5952K, reserved 1048576K
}
Event: 1116.770 GC heap after
{Heap after GC invocations=1203 (full 1111):
 PSYoungGen      total 20480K, used 12799K [0x00000000f5580000, 0x00000000f8200000, 0x0000000100000000)
  eden space 12800K, 99% used [0x00000000f5580000,0x00000000f61fffe0,0x00000000f6200000)
  from space 7680K, 0% used [0x00000000f7180000,0x00000000f7180000,0x00000000f7900000)
  to   space 15872K, 0% used [0x00000000f6200000,0x00000000f6200000,0x00000000f7180000)
 ParOldGen       total 349696K, used 349695K [0x00000000e0000000, 0x00000000f5580000, 0x00000000f5580000)
  object space 349696K, 99% used [0x00000000e0000000,0x00000000f557fdc0,0x00000000f5580000)
 Metaspace       used 58284K, committed 59392K, reserved 1105920K
  class space    used 5513K, committed 5952K, reserved 1048576K
}
Event: 1116.770 GC heap before
{Heap before GC invocations=1204 (full 1112):
 PSYoungGen      total 20480K, used 12800K [0x00000000f5580000, 0x00000000f8200000, 0x0000000100000000)
  eden space 12800K, 100% used [0x00000000f5580000,0x00000000f6200000,0x00000000f6200000)
  from space 7680K, 0% used [0x00000000f7180000,0x00000000f7180000,0x00000000f7900000)
  to   space 15872K, 0% used [0x00000000f6200000,0x00000000f6200000,0x00000000f7180000)
 ParOldGen       total 349696K, used 349696K [0x00000000e0000000, 0x00000000f5580000, 0x00000000f5580000)
  object space 349696K, 100% used [0x00000000e0000000,0x00000000f5580000,0x00000000f5580000)
 Metaspace       used 58284K, committed 59392K, reserved 1105920K
  class space    used 5513K, committed 5952K, reserved 1048576K
}
Event: 1117.778 GC heap after
{Heap after GC invocations=1204 (full 1112):
 PSYoungGen      total 28672K, used 12799K [0x00000000f5580000, 0x00000000f8200000, 0x0000000100000000)
  eden space 12800K, 99% used [0x00000000f5580000,0x00000000f61fffe0,0x00000000f6200000)
  from space 15872K, 0% used [0x00000000f6200000,0x00000000f6200000,0x00000000f7180000)
  to   space 7680K, 0% used [0x00000000f7180000,0x00000000f7180000,0x00000000f7900000)
 ParOldGen       total 349696K, used 349695K [0x00000000e0000000, 0x00000000f5580000, 0x00000000f5580000)
  object space 349696K, 99% used [0x00000000e0000000,0x00000000f557ff58,0x00000000f5580000)
 Metaspace       used 58284K, committed 59392K, reserved 1105920K
  class space    used 5513K, committed 5952K, reserved 1048576K
}
Event: 1117.829 GC heap before
{Heap before GC invocations=1205 (full 1113):
 PSYoungGen      total 28672K, used 12800K [0x00000000f5580000, 0x00000000f8200000, 0x0000000100000000)
  eden space 12800K, 100% used [0x00000000f5580000,0x00000000f6200000,0x00000000f6200000)
  from space 15872K, 0% used [0x00000000f6200000,0x00000000f6200000,0x00000000f7180000)
  to   space 7680K, 0% used [0x00000000f7180000,0x00000000f7180000,0x00000000f7900000)
 ParOldGen       total 349696K, used 349695K [0x00000000e0000000, 0x00000000f5580000, 0x00000000f5580000)
  object space 349696K, 99% used [0x00000000e0000000,0x00000000f557ffe8,0x00000000f5580000)
 Metaspace       used 58284K, committed 59392K, reserved 1105920K
  class space    used 5513K, committed 5952K, reserved 1048576K
}
Event: 1118.672 GC heap after
{Heap after GC invocations=1205 (full 1113):
 PSYoungGen      total 20480K, used 12799K [0x00000000f5580000, 0x00000000f8200000, 0x0000000100000000)
  eden space 12800K, 99% used [0x00000000f5580000,0x00000000f61fffe0,0x00000000f6200000)
  from space 7680K, 0% used [0x00000000f7180000,0x00000000f7180000,0x00000000f7900000)
  to   space 15872K, 0% used [0x00000000f6200000,0x00000000f6200000,0x00000000f7180000)
 ParOldGen       total 349696K, used 349695K [0x00000000e0000000, 0x00000000f5580000, 0x00000000f5580000)
  object space 349696K, 99% used [0x00000000e0000000,0x00000000f557fed0,0x00000000f5580000)
 Metaspace       used 58284K, committed 59392K, reserved 1105920K
  class space    used 5513K, committed 5952K, reserved 1048576K
}
Event: 1118.672 GC heap before
{Heap before GC invocations=1206 (full 1114):
 PSYoungGen      total 20480K, used 12800K [0x00000000f5580000, 0x00000000f8200000, 0x0000000100000000)
  eden space 12800K, 100% used [0x00000000f5580000,0x00000000f6200000,0x00000000f6200000)
  from space 7680K, 0% used [0x00000000f7180000,0x00000000f7180000,0x00000000f7900000)
  to   space 15872K, 0% used [0x00000000f6200000,0x00000000f6200000,0x00000000f7180000)
 ParOldGen       total 349696K, used 349695K [0x00000000e0000000, 0x00000000f5580000, 0x00000000f5580000)
  object space 349696K, 99% used [0x00000000e0000000,0x00000000f557fff0,0x00000000f5580000)
 Metaspace       used 58284K, committed 59392K, reserved 1105920K
  class space    used 5513K, committed 5952K, reserved 1048576K
}
Event: 1119.477 GC heap after
{Heap after GC invocations=1206 (full 1114):
 PSYoungGen      total 28672K, used 12799K [0x00000000f5580000, 0x00000000f8200000, 0x0000000100000000)
  eden space 12800K, 99% used [0x00000000f5580000,0x00000000f61fffb0,0x00000000f6200000)
  from space 15872K, 0% used [0x00000000f6200000,0x00000000f6200000,0x00000000f7180000)
  to   space 7680K, 0% used [0x00000000f7180000,0x00000000f7180000,0x00000000f7900000)
 ParOldGen       total 349696K, used 349695K [0x00000000e0000000, 0x00000000f5580000, 0x00000000f5580000)
  object space 349696K, 99% used [0x00000000e0000000,0x00000000f557ff08,0x00000000f5580000)
 Metaspace       used 58284K, committed 59392K, reserved 1105920K
  class space    used 5513K, committed 5952K, reserved 1048576K
}
Event: 1119.477 GC heap before
{Heap before GC invocations=1207 (full 1115):
 PSYoungGen      total 28672K, used 12800K [0x00000000f5580000, 0x00000000f8200000, 0x0000000100000000)
  eden space 12800K, 100% used [0x00000000f5580000,0x00000000f6200000,0x00000000f6200000)
  from space 15872K, 0% used [0x00000000f6200000,0x00000000f6200000,0x00000000f7180000)
  to   space 7680K, 0% used [0x00000000f7180000,0x00000000f7180000,0x00000000f7900000)
 ParOldGen       total 349696K, used 349695K [0x00000000e0000000, 0x00000000f5580000, 0x00000000f5580000)
  object space 349696K, 99% used [0x00000000e0000000,0x00000000f557ffe8,0x00000000f5580000)
 Metaspace       used 58284K, committed 59392K, reserved 1105920K
  class space    used 5513K, committed 5952K, reserved 1048576K
}
Event: 1120.433 GC heap after
{Heap after GC invocations=1207 (full 1115):
 PSYoungGen      total 20480K, used 12799K [0x00000000f5580000, 0x00000000f8200000, 0x0000000100000000)
  eden space 12800K, 99% used [0x00000000f5580000,0x00000000f61fff90,0x00000000f6200000)
  from space 7680K, 0% used [0x00000000f7180000,0x00000000f7180000,0x00000000f7900000)
  to   space 15872K, 0% used [0x00000000f6200000,0x00000000f6200000,0x00000000f7180000)
 ParOldGen       total 349696K, used 349695K [0x00000000e0000000, 0x00000000f5580000, 0x00000000f5580000)
  object space 349696K, 99% used [0x00000000e0000000,0x00000000f557fe78,0x00000000f5580000)
 Metaspace       used 58284K, committed 59392K, reserved 1105920K
  class space    used 5513K, committed 5952K, reserved 1048576K
}
Event: 1120.434 GC heap before
{Heap before GC invocations=1208 (full 1116):
 PSYoungGen      total 20480K, used 12799K [0x00000000f5580000, 0x00000000f8200000, 0x0000000100000000)
  eden space 12800K, 99% used [0x00000000f5580000,0x00000000f61ffff8,0x00000000f6200000)
  from space 7680K, 0% used [0x00000000f7180000,0x00000000f7180000,0x00000000f7900000)
  to   space 15872K, 0% used [0x00000000f6200000,0x00000000f6200000,0x00000000f7180000)
 ParOldGen       total 349696K, used 349695K [0x00000000e0000000, 0x00000000f5580000, 0x00000000f5580000)
  object space 349696K, 99% used [0x00000000e0000000,0x00000000f557fe78,0x00000000f5580000)
 Metaspace       used 58285K, committed 59392K, reserved 1105920K
  class space    used 5513K, committed 5952K, reserved 1048576K
}
Event: 1121.333 GC heap after
{Heap after GC invocations=1208 (full 1116):
 PSYoungGen      total 28672K, used 12799K [0x00000000f5580000, 0x00000000f8200000, 0x0000000100000000)
  eden space 12800K, 99% used [0x00000000f5580000,0x00000000f61ffff8,0x00000000f6200000)
  from space 15872K, 0% used [0x00000000f6200000,0x00000000f6200000,0x00000000f7180000)
  to   space 7680K, 0% used [0x00000000f7180000,0x00000000f7180000,0x00000000f7900000)
 ParOldGen       total 349696K, used 349695K [0x00000000e0000000, 0x00000000f5580000, 0x00000000f5580000)
  object space 349696K, 99% used [0x00000000e0000000,0x00000000f557fe10,0x00000000f5580000)
 Metaspace       used 58285K, committed 59392K, reserved 1105920K
  class space    used 5513K, committed 5952K, reserved 1048576K
}
Event: 1121.333 GC heap before
{Heap before GC invocations=1209 (full 1117):
 PSYoungGen      total 28672K, used 12799K [0x00000000f5580000, 0x00000000f8200000, 0x0000000100000000)
  eden space 12800K, 99% used [0x00000000f5580000,0x00000000f61ffff8,0x00000000f6200000)
  from space 15872K, 0% used [0x00000000f6200000,0x00000000f6200000,0x00000000f7180000)
  to   space 7680K, 0% used [0x00000000f7180000,0x00000000f7180000,0x00000000f7900000)
 ParOldGen       total 349696K, used 349696K [0x00000000e0000000, 0x00000000f5580000, 0x00000000f5580000)
  object space 349696K, 100% used [0x00000000e0000000,0x00000000f5580000,0x00000000f5580000)
 Metaspace       used 58285K, committed 59392K, reserved 1105920K
  class space    used 5513K, committed 5952K, reserved 1048576K
}
Event: 1122.249 GC heap after
{Heap after GC invocations=1209 (full 1117):
 PSYoungGen      total 20480K, used 12799K [0x00000000f5580000, 0x00000000f8200000, 0x0000000100000000)
  eden space 12800K, 99% used [0x00000000f5580000,0x00000000f61fff70,0x00000000f6200000)
  from space 7680K, 0% used [0x00000000f7180000,0x00000000f7180000,0x00000000f7900000)
  to   space 15872K, 0% used [0x00000000f6200000,0x00000000f6200000,0x00000000f7180000)
 ParOldGen       total 349696K, used 349695K [0x00000000e0000000, 0x00000000f5580000, 0x00000000f5580000)
  object space 349696K, 99% used [0x00000000e0000000,0x00000000f557fee8,0x00000000f5580000)
 Metaspace       used 58285K, committed 59392K, reserved 1105920K
  class space    used 5513K, committed 5952K, reserved 1048576K
}
Event: 1122.250 GC heap before
{Heap before GC invocations=1210 (full 1118):
 PSYoungGen      total 20480K, used 12799K [0x00000000f5580000, 0x00000000f8200000, 0x0000000100000000)
  eden space 12800K, 99% used [0x00000000f5580000,0x00000000f61fffc8,0x00000000f6200000)
  from space 7680K, 0% used [0x00000000f7180000,0x00000000f7180000,0x00000000f7900000)
  to   space 15872K, 0% used [0x00000000f6200000,0x00000000f6200000,0x00000000f7180000)
 ParOldGen       total 349696K, used 349695K [0x00000000e0000000, 0x00000000f5580000, 0x00000000f5580000)
  object space 349696K, 99% used [0x00000000e0000000,0x00000000f557fee8,0x00000000f5580000)
 Metaspace       used 58285K, committed 59392K, reserved 1105920K
  class space    used 5513K, committed 5952K, reserved 1048576K
}
Event: 1123.229 GC heap after
{Heap after GC invocations=1210 (full 1118):
 PSYoungGen      total 28672K, used 12799K [0x00000000f5580000, 0x00000000f8200000, 0x0000000100000000)
  eden space 12800K, 99% used [0x00000000f5580000,0x00000000f61fffc8,0x00000000f6200000)
  from space 15872K, 0% used [0x00000000f6200000,0x00000000f6200000,0x00000000f7180000)
  to   space 7680K, 0% used [0x00000000f7180000,0x00000000f7180000,0x00000000f7900000)
 ParOldGen       total 349696K, used 349695K [0x00000000e0000000, 0x00000000f5580000, 0x00000000f5580000)
  object space 349696K, 99% used [0x00000000e0000000,0x00000000f557feb0,0x00000000f5580000)
 Metaspace       used 58285K, committed 59392K, reserved 1105920K
  class space    used 5513K, committed 5952K, reserved 1048576K
}
Event: 1123.229 GC heap before
{Heap before GC invocations=1211 (full 1119):
 PSYoungGen      total 28672K, used 12799K [0x00000000f5580000, 0x00000000f8200000, 0x0000000100000000)
  eden space 12800K, 99% used [0x00000000f5580000,0x00000000f61fffc8,0x00000000f6200000)
  from space 15872K, 0% used [0x00000000f6200000,0x00000000f6200000,0x00000000f7180000)
  to   space 7680K, 0% used [0x00000000f7180000,0x00000000f7180000,0x00000000f7900000)
 ParOldGen       total 349696K, used 349695K [0x00000000e0000000, 0x00000000f5580000, 0x00000000f5580000)
  object space 349696K, 99% used [0x00000000e0000000,0x00000000f557feb0,0x00000000f5580000)
 Metaspace       used 58285K, committed 59392K, reserved 1105920K
  class space    used 5513K, committed 5952K, reserved 1048576K
}
Event: 1124.140 GC heap after
{Heap after GC invocations=1211 (full 1119):
 PSYoungGen      total 20480K, used 12799K [0x00000000f5580000, 0x00000000f8200000, 0x0000000100000000)
  eden space 12800K, 99% used [0x00000000f5580000,0x00000000f61fffc8,0x00000000f6200000)
  from space 7680K, 0% used [0x00000000f7180000,0x00000000f7180000,0x00000000f7900000)
  to   space 15872K, 0% used [0x00000000f6200000,0x00000000f6200000,0x00000000f7180000)
 ParOldGen       total 349696K, used 349695K [0x00000000e0000000, 0x00000000f5580000, 0x00000000f5580000)
  object space 349696K, 99% used [0x00000000e0000000,0x00000000f557fe60,0x00000000f5580000)
 Metaspace       used 58285K, committed 59392K, reserved 1105920K
  class space    used 5513K, committed 5952K, reserved 1048576K
}

