# JRE version: OpenJDK Runtime Environment GraalVM CE 22.3.0 (17.0.5+8) (build 17.0.5+8-jvmci-22.3-b08)
# Java VM: OpenJDK 64-Bit Server VM GraalVM CE 22.3.0 (17.0.5+8-jvmci-22.3-b08, mixed mode, sharing, tiered, jvmci, jvmci compiler, compressed oops, compressed class ptrs, parallel gc, linux-amd64)
GC Precious Log:
 CPUs: 8 total, 1 available
 Memory: 1024M
 Large Page Support: Disabled
 NUMA Support: Disabled
 Compressed Oops: Enabled (32-bit)
 Alignments: Space 512K, Generation 512K, Heap 2M
 Heap Min Capacity: 100M
 Heap Initial Capacity: 100M
 Heap Max Capacity: 512M
 Pre-touch: Disabled
 Parallel Workers: 1
Heap:
 PSYoungGen      total 50688K, used 37376K [0x00000000f5580000, 0x00000000f9600000, 0x0000000100000000)
  eden space 37376K, 100% used [0x00000000f5580000,0x00000000f7a00000,0x00000000f7a00000)
  from space 13312K, 0% used [0x00000000f7a00000,0x00000000f7a00000,0x00000000f8700000)
  to   space 13312K, 0% used [0x00000000f8880000,0x00000000f8880000,0x00000000f9580000)
 ParOldGen       total 349696K, used 349693K [0x00000000e0000000, 0x00000000f5580000, 0x00000000f5580000)
  object space 349696K, 99% used [0x00000000e0000000,0x00000000f557f708,0x00000000f5580000)
 Metaspace       used 53539K, committed 54720K, reserved 1105920K
  class space    used 5222K, committed 5696K, reserved 1048576K
GC Heap History (20 events):
Event: 376.326 GC heap before
{Heap before GC invocations=119 (full 40):
 PSYoungGen      total 50688K, used 37376K [0x00000000f5580000, 0x00000000f9600000, 0x0000000100000000)
  eden space 37376K, 100% used [0x00000000f5580000,0x00000000f7a00000,0x00000000f7a00000)
  from space 13312K, 0% used [0x00000000f7a00000,0x00000000f7a00000,0x00000000f8700000)
  to   space 13312K, 0% used [0x00000000f8880000,0x00000000f8880000,0x00000000f9580000)
 ParOldGen       total 349696K, used 349689K [0x00000000e0000000, 0x00000000f5580000, 0x00000000f5580000)
  object space 349696K, 99% used [0x00000000e0000000,0x00000000f557e4f0,0x00000000f5580000)
 Metaspace       used 53532K, committed 54720K, reserved 1105920K
  class space    used 5221K, committed 5696K, reserved 1048576K
}
Event: 382.429 GC heap after
{Heap after GC invocations=119 (full 40):
 PSYoungGen      total 50688K, used 37375K [0x00000000f5580000, 0x00000000f9600000, 0x0000000100000000)
  eden space 37376K, 99% used [0x00000000f5580000,0x00000000f79fffd0,0x00000000f7a00000)
  from space 13312K, 0% used [0x00000000f8880000,0x00000000f8880000,0x00000000f9580000)
  to   space 13312K, 0% used [0x00000000f7a00000,0x00000000f7a00000,0x00000000f8700000)
 ParOldGen       total 349696K, used 349689K [0x00000000e0000000, 0x00000000f5580000, 0x00000000f5580000)
  object space 349696K, 99% used [0x00000000e0000000,0x00000000f557e4f0,0x00000000f5580000)
 Metaspace       used 53532K, committed 54720K, reserved 1105920K
  class space    used 5221K, committed 5696K, reserved 1048576K
}
Event: 382.429 GC heap before
{Heap before GC invocations=120 (full 41):
 PSYoungGen      total 50688K, used 37375K [0x00000000f5580000, 0x00000000f9600000, 0x0000000100000000)
  eden space 37376K, 99% used [0x00000000f5580000,0x00000000f79fffe8,0x00000000f7a00000)
  from space 13312K, 0% used [0x00000000f8880000,0x00000000f8880000,0x00000000f9580000)
  to   space 13312K, 0% used [0x00000000f7a00000,0x00000000f7a00000,0x00000000f8700000)
 ParOldGen       total 349696K, used 349689K [0x00000000e0000000, 0x00000000f5580000, 0x00000000f5580000)
  object space 349696K, 99% used [0x00000000e0000000,0x00000000f557e4f0,0x00000000f5580000)
 Metaspace       used 53532K, committed 54720K, reserved 1105920K
  class space    used 5221K, committed 5696K, reserved 1048576K
}
Event: 387.351 GC heap after
{Heap after GC invocations=120 (full 41):
 PSYoungGen      total 50688K, used 37375K [0x00000000f5580000, 0x00000000f9600000, 0x0000000100000000)
  eden space 37376K, 99% used [0x00000000f5580000,0x00000000f79fffe8,0x00000000f7a00000)
  from space 13312K, 0% used [0x00000000f7a00000,0x00000000f7a00000,0x00000000f8700000)
  to   space 13312K, 0% used [0x00000000f8880000,0x00000000f8880000,0x00000000f9580000)
 ParOldGen       total 349696K, used 349689K [0x00000000e0000000, 0x00000000f5580000, 0x00000000f5580000)
  object space 349696K, 99% used [0x00000000e0000000,0x00000000f557e4f0,0x00000000f5580000)
 Metaspace       used 53532K, committed 54720K, reserved 1105920K
  class space    used 5221K, committed 5696K, reserved 1048576K
}
Event: 387.370 GC heap before
{Heap before GC invocations=121 (full 42):
 PSYoungGen      total 50688K, used 37376K [0x00000000f5580000, 0x00000000f9600000, 0x0000000100000000)
  eden space 37376K, 100% used [0x00000000f5580000,0x00000000f7a00000,0x00000000f7a00000)
  from space 13312K, 0% used [0x00000000f7a00000,0x00000000f7a00000,0x00000000f8700000)
  to   space 13312K, 0% used [0x00000000f8880000,0x00000000f8880000,0x00000000f9580000)
 ParOldGen       total 349696K, used 349693K [0x00000000e0000000, 0x00000000f5580000, 0x00000000f5580000)
  object space 349696K, 99% used [0x00000000e0000000,0x00000000f557f6c8,0x00000000f5580000)
 Metaspace       used 53538K, committed 54720K, reserved 1105920K
  class space    used 5222K, committed 5696K, reserved 1048576K
}
Event: 394.715 GC heap after
{Heap after GC invocations=121 (full 42):
 PSYoungGen      total 50688K, used 37375K [0x00000000f5580000, 0x00000000f9600000, 0x0000000100000000)
  eden space 37376K, 99% used [0x00000000f5580000,0x00000000f79fffb0,0x00000000f7a00000)
  from space 13312K, 0% used [0x00000000f8880000,0x00000000f8880000,0x00000000f9580000)
  to   space 13312K, 0% used [0x00000000f7a00000,0x00000000f7a00000,0x00000000f8700000)
 ParOldGen       total 349696K, used 349685K [0x00000000e0000000, 0x00000000f5580000, 0x00000000f5580000)
  object space 349696K, 99% used [0x00000000e0000000,0x00000000f557d600,0x00000000f5580000)
 Metaspace       used 53538K, committed 54720K, reserved 1105920K
  class space    used 5222K, committed 5696K, reserved 1048576K
}
Event: 394.715 GC heap before
{Heap before GC invocations=122 (full 43):
 PSYoungGen      total 50688K, used 37375K [0x00000000f5580000, 0x00000000f9600000, 0x0000000100000000)
  eden space 37376K, 99% used [0x00000000f5580000,0x00000000f79fffc8,0x00000000f7a00000)
  from space 13312K, 0% used [0x00000000f8880000,0x00000000f8880000,0x00000000f9580000)
  to   space 13312K, 0% used [0x00000000f7a00000,0x00000000f7a00000,0x00000000f8700000)
 ParOldGen       total 349696K, used 349685K [0x00000000e0000000, 0x00000000f5580000, 0x00000000f5580000)
  object space 349696K, 99% used [0x00000000e0000000,0x00000000f557d600,0x00000000f5580000)
 Metaspace       used 53538K, committed 54720K, reserved 1105920K
  class space    used 5222K, committed 5696K, reserved 1048576K
}
Event: 403.462 GC heap after
{Heap after GC invocations=122 (full 43):
 PSYoungGen      total 50688K, used 37375K [0x00000000f5580000, 0x00000000f9600000, 0x0000000100000000)
  eden space 37376K, 99% used [0x00000000f5580000,0x00000000f79fffb0,0x00000000f7a00000)
  from space 13312K, 0% used [0x00000000f7a00000,0x00000000f7a00000,0x00000000f8700000)
  to   space 13312K, 0% used [0x00000000f8880000,0x00000000f8880000,0x00000000f9580000)
 ParOldGen       total 349696K, used 349685K [0x00000000e0000000, 0x00000000f5580000, 0x00000000f5580000)
  object space 349696K, 99% used [0x00000000e0000000,0x00000000f557d5e0,0x00000000f5580000)
 Metaspace       used 53538K, committed 54720K, reserved 1105920K
  class space    used 5222K, committed 5696K, reserved 1048576K
}
Event: 403.465 GC heap before
{Heap before GC invocations=123 (full 44):
 PSYoungGen      total 50688K, used 37375K [0x00000000f5580000, 0x00000000f9600000, 0x0000000100000000)
  eden space 37376K, 99% used [0x00000000f5580000,0x00000000f79ffff8,0x00000000f7a00000)
  from space 13312K, 0% used [0x00000000f7a00000,0x00000000f7a00000,0x00000000f8700000)
  to   space 13312K, 0% used [0x00000000f8880000,0x00000000f8880000,0x00000000f9580000)
 ParOldGen       total 349696K, used 349685K [0x00000000e0000000, 0x00000000f5580000, 0x00000000f5580000)
  object space 349696K, 99% used [0x00000000e0000000,0x00000000f557d5e0,0x00000000f5580000)
 Metaspace       used 53538K, committed 54720K, reserved 1105920K
  class space    used 5222K, committed 5696K, reserved 1048576K
}
Event: 411.292 GC heap after
{Heap after GC invocations=123 (full 44):
 PSYoungGen      total 50688K, used 37375K [0x00000000f5580000, 0x00000000f9600000, 0x0000000100000000)
  eden space 37376K, 99% used [0x00000000f5580000,0x00000000f79ffff8,0x00000000f7a00000)
  from space 13312K, 0% used [0x00000000f8880000,0x00000000f8880000,0x00000000f9580000)
  to   space 13312K, 0% used [0x00000000f7a00000,0x00000000f7a00000,0x00000000f8700000)
 ParOldGen       total 349696K, used 349685K [0x00000000e0000000, 0x00000000f5580000, 0x00000000f5580000)
  object space 349696K, 99% used [0x00000000e0000000,0x00000000f557d5e0,0x00000000f5580000)
 Metaspace       used 53538K, committed 54720K, reserved 1105920K
  class space    used 5222K, committed 5696K, reserved 1048576K
}
Event: 411.295 GC heap before
{Heap before GC invocations=124 (full 45):
 PSYoungGen      total 50688K, used 37375K [0x00000000f5580000, 0x00000000f9600000, 0x0000000100000000)
  eden space 37376K, 99% used [0x00000000f5580000,0x00000000f79ffff8,0x00000000f7a00000)
  from space 13312K, 0% used [0x00000000f8880000,0x00000000f8880000,0x00000000f9580000)
  to   space 13312K, 0% used [0x00000000f7a00000,0x00000000f7a00000,0x00000000f8700000)
 ParOldGen       total 349696K, used 349695K [0x00000000e0000000, 0x00000000f5580000, 0x00000000f5580000)
  object space 349696K, 99% used [0x00000000e0000000,0x00000000f557ff30,0x00000000f5580000)
 Metaspace       used 53538K, committed 54720K, reserved 1105920K
  class space    used 5222K, committed 5696K, reserved 1048576K
}
Event: 416.404 GC heap after
{Heap after GC invocations=124 (full 45):
 PSYoungGen      total 50688K, used 37375K [0x00000000f5580000, 0x00000000f9600000, 0x0000000100000000)
  eden space 37376K, 99% used [0x00000000f5580000,0x00000000f79fff98,0x00000000f7a00000)
  from space 13312K, 0% used [0x00000000f7a00000,0x00000000f7a00000,0x00000000f8700000)
  to   space 13312K, 0% used [0x00000000f8880000,0x00000000f8880000,0x00000000f9580000)
 ParOldGen       total 349696K, used 349689K [0x00000000e0000000, 0x00000000f5580000, 0x00000000f5580000)
  object space 349696K, 99% used [0x00000000e0000000,0x00000000f557e7b0,0x00000000f5580000)
 Metaspace       used 53538K, committed 54720K, reserved 1105920K
  class space    used 5222K, committed 5696K, reserved 1048576K
}
Event: 416.424 GC heap before
{Heap before GC invocations=125 (full 46):
 PSYoungGen      total 50688K, used 37375K [0x00000000f5580000, 0x00000000f9600000, 0x0000000100000000)
  eden space 37376K, 99% used [0x00000000f5580000,0x00000000f79ffff8,0x00000000f7a00000)
  from space 13312K, 0% used [0x00000000f7a00000,0x00000000f7a00000,0x00000000f8700000)
  to   space 13312K, 0% used [0x00000000f8880000,0x00000000f8880000,0x00000000f9580000)
 ParOldGen       total 349696K, used 349689K [0x00000000e0000000, 0x00000000f5580000, 0x00000000f5580000)
  object space 349696K, 99% used [0x00000000e0000000,0x00000000f557e7b0,0x00000000f5580000)
 Metaspace       used 53538K, committed 54720K, reserved 1105920K
  class space    used 5222K, committed 5696K, reserved 1048576K
}
Event: 420.626 GC heap after
{Heap after GC invocations=125 (full 46):
 PSYoungGen      total 50688K, used 37375K [0x00000000f5580000, 0x00000000f9600000, 0x0000000100000000)
  eden space 37376K, 99% used [0x00000000f5580000,0x00000000f79fff98,0x00000000f7a00000)
  from space 13312K, 0% used [0x00000000f8880000,0x00000000f8880000,0x00000000f9580000)
  to   space 13312K, 0% used [0x00000000f7a00000,0x00000000f7a00000,0x00000000f8700000)
 ParOldGen       total 349696K, used 349689K [0x00000000e0000000, 0x00000000f5580000, 0x00000000f5580000)
  object space 349696K, 99% used [0x00000000e0000000,0x00000000f557e7b0,0x00000000f5580000)
 Metaspace       used 53538K, committed 54720K, reserved 1105920K
  class space    used 5222K, committed 5696K, reserved 1048576K
}
Event: 420.639 GC heap before
{Heap before GC invocations=126 (full 47):
 PSYoungGen      total 50688K, used 37376K [0x00000000f5580000, 0x00000000f9600000, 0x0000000100000000)
  eden space 37376K, 100% used [0x00000000f5580000,0x00000000f7a00000,0x00000000f7a00000)
  from space 13312K, 0% used [0x00000000f8880000,0x00000000f8880000,0x00000000f9580000)
  to   space 13312K, 0% used [0x00000000f7a00000,0x00000000f7a00000,0x00000000f8700000)
 ParOldGen       total 349696K, used 349689K [0x00000000e0000000, 0x00000000f5580000, 0x00000000f5580000)
  object space 349696K, 99% used [0x00000000e0000000,0x00000000f557e7b0,0x00000000f5580000)
 Metaspace       used 53538K, committed 54720K, reserved 1105920K
  class space    used 5222K, committed 5696K, reserved 1048576K
}
Event: 425.049 GC heap after
{Heap after GC invocations=126 (full 47):
 PSYoungGen      total 50688K, used 37375K [0x00000000f5580000, 0x00000000f9600000, 0x0000000100000000)
  eden space 37376K, 99% used [0x00000000f5580000,0x00000000f79fffb0,0x00000000f7a00000)
  from space 13312K, 0% used [0x00000000f7a00000,0x00000000f7a00000,0x00000000f8700000)
  to   space 13312K, 0% used [0x00000000f8880000,0x00000000f8880000,0x00000000f9580000)
 ParOldGen       total 349696K, used 349689K [0x00000000e0000000, 0x00000000f5580000, 0x00000000f5580000)
  object space 349696K, 99% used [0x00000000e0000000,0x00000000f557e7b0,0x00000000f5580000)
 Metaspace       used 53538K, committed 54720K, reserved 1105920K
  class space    used 5222K, committed 5696K, reserved 1048576K
}
Event: 425.074 GC heap before
{Heap before GC invocations=127 (full 48):
 PSYoungGen      total 50688K, used 37376K [0x00000000f5580000, 0x00000000f9600000, 0x0000000100000000)
  eden space 37376K, 100% used [0x00000000f5580000,0x00000000f7a00000,0x00000000f7a00000)
  from space 13312K, 0% used [0x00000000f7a00000,0x00000000f7a00000,0x00000000f8700000)
  to   space 13312K, 0% used [0x00000000f8880000,0x00000000f8880000,0x00000000f9580000)
 ParOldGen       total 349696K, used 349694K [0x00000000e0000000, 0x00000000f5580000, 0x00000000f5580000)
  object space 349696K, 99% used [0x00000000e0000000,0x00000000f557fb78,0x00000000f5580000)
 Metaspace       used 53539K, committed 54720K, reserved 1105920K
  class space    used 5222K, committed 5696K, reserved 1048576K
}
Event: 428.556 GC heap after
{Heap after GC invocations=127 (full 48):
 PSYoungGen      total 50688K, used 37375K [0x00000000f5580000, 0x00000000f9600000, 0x0000000100000000)
  eden space 37376K, 99% used [0x00000000f5580000,0x00000000f79fffc0,0x00000000f7a00000)
  from space 13312K, 0% used [0x00000000f8880000,0x00000000f8880000,0x00000000f9580000)
  to   space 13312K, 0% used [0x00000000f7a00000,0x00000000f7a00000,0x00000000f8700000)
 ParOldGen       total 349696K, used 349693K [0x00000000e0000000, 0x00000000f5580000, 0x00000000f5580000)
  object space 349696K, 99% used [0x00000000e0000000,0x00000000f557f698,0x00000000f5580000)
 Metaspace       used 53539K, committed 54720K, reserved 1105920K
  class space    used 5222K, committed 5696K, reserved 1048576K
}
Event: 428.556 GC heap before
{Heap before GC invocations=128 (full 49):
 PSYoungGen      total 50688K, used 37375K [0x00000000f5580000, 0x00000000f9600000, 0x0000000100000000)
  eden space 37376K, 99% used [0x00000000f5580000,0x00000000f79fffc0,0x00000000f7a00000)
  from space 13312K, 0% used [0x00000000f8880000,0x00000000f8880000,0x00000000f9580000)
  to   space 13312K, 0% used [0x00000000f7a00000,0x00000000f7a00000,0x00000000f8700000)
 ParOldGen       total 349696K, used 349693K [0x00000000e0000000, 0x00000000f5580000, 0x00000000f5580000)
  object space 349696K, 99% used [0x00000000e0000000,0x00000000f557f698,0x00000000f5580000)
 Metaspace       used 53539K, committed 54720K, reserved 1105920K
  class space    used 5222K, committed 5696K, reserved 1048576K
}
Event: 430.784 GC heap after
{Heap after GC invocations=128 (full 49):
 PSYoungGen      total 50688K, used 37375K [0x00000000f5580000, 0x00000000f9600000, 0x0000000100000000)
  eden space 37376K, 99% used [0x00000000f5580000,0x00000000f79fffc0,0x00000000f7a00000)
  from space 13312K, 0% used [0x00000000f7a00000,0x00000000f7a00000,0x00000000f8700000)
  to   space 13312K, 0% used [0x00000000f8880000,0x00000000f8880000,0x00000000f9580000)
 ParOldGen       total 349696K, used 349693K [0x00000000e0000000, 0x00000000f5580000, 0x00000000f5580000)
  object space 349696K, 99% used [0x00000000e0000000,0x00000000f557f698,0x00000000f5580000)
 Metaspace       used 53539K, committed 54720K, reserved 1105920K
  class space    used 5222K, committed 5696K, reserved 1048576K
}

